<?xml version="1.0" encoding="UTF-8"?>
<!-- Generated by org.testng.reporters.JUnitXMLReporter -->
<testsuite hostname="MEH-ПК" name="Default test" tests="4" failures="0" timestamp="26 Aug 2015 21:59:55 GMT" time="14.77" errors="0">
  <testcase name="testFillAddressCreationTest" time="4.005" classname="com.example.tests.NoneEmptyAddressCreationTest"/>
  <testcase name="testNonEmptyGroupCreation" time="1.469" classname="com.example.tests.NoneEmptyGroupCreationTest"/>
  <testcase name="testEmptyGroupCreation" time="0.896" classname="com.example.tests.EmptyAddressCreationTest"/>
  <testcase name="testEmptyGroupCreation" time="1.275" classname="com.example.tests.EmptyGroupCreationTest"/>
</testsuite> <!-- Default test -->
