<?xml version="1.0" encoding="UTF-8"?>
<!-- Generated by org.testng.reporters.JUnitXMLReporter -->
<testsuite hostname="MEH-ПК" name="com.example.tests" tests="2" failures="0" timestamp="25 Aug 2015 20:05:17 GMT" time="13.403" errors="0">
  <testcase name="testEmptyGroupCreation" time="3.65" classname="com.example.tests.EmptyGroupCreationTest"/>
  <testcase name="testNonEmptyGroupCreation" time="1.606" classname="com.example.tests.FillGroupCreationTest"/>
</testsuite> <!-- com.example.tests -->
