<?xml version="1.0" encoding="UTF-8"?>
<testng-results skipped="0" failed="0" total="4" passed="4">
  <reporter-output>
  </reporter-output>
  <suite name="Default suite" duration-ms="14770" started-at="2015-08-26T21:59:40Z" finished-at="2015-08-26T21:59:55Z">
    <groups>
    </groups>
    <test name="Default test" duration-ms="14770" started-at="2015-08-26T21:59:40Z" finished-at="2015-08-26T21:59:55Z">
      <class name="com.example.tests.EmptyAddressCreationTest">
        <test-method status="PASS" signature="testEmptyGroupCreation()[pri:0, instance:com.example.tests.EmptyAddressCreationTest@f5f2bb7]" name="testEmptyGroupCreation" duration-ms="896" started-at="2015-08-27T00:59:52Z" finished-at="2015-08-27T00:59:53Z">
          <reporter-output>
          </reporter-output>
        </test-method> <!-- testEmptyGroupCreation -->
      </class> <!-- com.example.tests.EmptyAddressCreationTest -->
      <class name="com.example.tests.NoneEmptyAddressCreationTest">
        <test-method status="PASS" signature="testFillAddressCreationTest()[pri:0, instance:com.example.tests.NoneEmptyAddressCreationTest@64c64813]" name="testFillAddressCreationTest" duration-ms="4005" started-at="2015-08-27T00:59:47Z" finished-at="2015-08-27T00:59:51Z">
          <reporter-output>
          </reporter-output>
        </test-method> <!-- testFillAddressCreationTest -->
      </class> <!-- com.example.tests.NoneEmptyAddressCreationTest -->
      <class name="com.example.tests.EmptyGroupCreationTest">
        <test-method status="PASS" signature="setUp()[pri:0, instance:com.example.tests.EmptyGroupCreationTest@2d6a9952]" name="setUp" is-config="true" duration-ms="6197" started-at="2015-08-27T00:59:40Z" finished-at="2015-08-27T00:59:47Z">
          <reporter-output>
          </reporter-output>
        </test-method> <!-- setUp -->
        <test-method status="PASS" signature="testEmptyGroupCreation()[pri:0, instance:com.example.tests.EmptyGroupCreationTest@2d6a9952]" name="testEmptyGroupCreation" duration-ms="1275" started-at="2015-08-27T00:59:53Z" finished-at="2015-08-27T00:59:54Z">
          <reporter-output>
          </reporter-output>
        </test-method> <!-- testEmptyGroupCreation -->
        <test-method status="PASS" signature="tearDown()[pri:0, instance:com.example.tests.EmptyGroupCreationTest@2d6a9952]" name="tearDown" is-config="true" duration-ms="847" started-at="2015-08-27T00:59:54Z" finished-at="2015-08-27T00:59:55Z">
          <reporter-output>
          </reporter-output>
        </test-method> <!-- tearDown -->
      </class> <!-- com.example.tests.EmptyGroupCreationTest -->
      <class name="com.example.tests.NoneEmptyGroupCreationTest">
        <test-method status="PASS" signature="testNonEmptyGroupCreation()[pri:0, instance:com.example.tests.NoneEmptyGroupCreationTest@3ecf72fd]" name="testNonEmptyGroupCreation" duration-ms="1469" started-at="2015-08-27T00:59:51Z" finished-at="2015-08-27T00:59:52Z">
          <reporter-output>
          </reporter-output>
        </test-method> <!-- testNonEmptyGroupCreation -->
      </class> <!-- com.example.tests.NoneEmptyGroupCreationTest -->
    </test> <!-- Default test -->
  </suite> <!-- Default suite -->
</testng-results>
